<?xml version="1.0" encoding="UTF-8"?>
<!-- Generated by org.testng.reporters.JUnitReportReporter -->
<testsuite skipped="0" hostname="JEYARAM" name="org.test.FacebookPomLogin" tests="6" failures="0" timestamp="15 Nov 2022 05:29:05 GMT" time="10.509" errors="0">
  <testcase name="tc2" time="2.609" classname="org.test.FacebookPomLogin"/>
  <testcase name="tc2" time="1.527" classname="org.test.FacebookPomLogin"/>
  <testcase name="tc2" time="1.407" classname="org.test.FacebookPomLogin"/>
  <testcase name="tc2" time="1.534" classname="org.test.FacebookPomLogin"/>
  <testcase name="tc2" time="1.620" classname="org.test.FacebookPomLogin"/>
  <testcase name="tc2" time="1.812" classname="org.test.FacebookPomLogin"/>
</testsuite> <!-- org.test.FacebookPomLogin -->
