<?xml version="1.0" encoding="UTF-8"?>
<!-- Generated by org.testng.reporters.JUnitReportReporter -->
<testsuite skipped="0" hostname="JEYARAM" name="org.test.TestNgTesting2" tests="1" failures="0" timestamp="14 Nov 2022 08:46:19 GMT" time="17.106" errors="0">
  <testcase name="browser" time="17.106" classname="org.test.TestNgTesting2"/>
</testsuite> <!-- org.test.TestNgTesting2 -->
