<?xml version="1.0" encoding="UTF-8"?>
<!-- Generated by org.testng.reporters.JUnitReportReporter -->
<testsuite skipped="0" hostname="JEYARAM" name="org.test.FacebookLogin" tests="6" failures="0" timestamp="15 Nov 2022 05:29:05 GMT" time="9.696" errors="0">
  <testcase name="tc1" time="1.508" classname="org.test.FacebookLogin"/>
  <testcase name="tc1" time="1.457" classname="org.test.FacebookLogin"/>
  <testcase name="tc1" time="1.910" classname="org.test.FacebookLogin"/>
  <testcase name="tc1" time="1.184" classname="org.test.FacebookLogin"/>
  <testcase name="tc1" time="1.634" classname="org.test.FacebookLogin"/>
  <testcase name="tc1" time="2.003" classname="org.test.FacebookLogin"/>
</testsuite> <!-- org.test.FacebookLogin -->
